<?xml version="1.0" encoding="UTF-8"?>
<!-- Generated by org.testng.reporters.JUnitReportReporter -->
<testsuite hostname="LAPTOP-V3EMUFAV" name="com.amazon.amazon.AmazonTest" tests="1" failures="0" timestamp="30 Aug 2016 00:54:13 GMT" time="21.806" errors="0">
  <testcase name="searchForLightnigCableRating" time="21.806" classname="com.amazon.amazon.AmazonTest"/>
</testsuite> <!-- com.amazon.amazon.AmazonTest -->
